<?xml version="1.0" encoding="UTF-8"?>
<!-- Generated by org.testng.reporters.JUnitReportReporter -->
<testsuite hostname="Harini" failures="0" tests="1" name="com.inetbanking.testcases.TC_LoginTest_001" time="3.331" errors="0" timestamp="04 Sep 2022 22:00:16 GMT" skipped="0">
  <testcase classname="com.inetbanking.testcases.TC_LoginTest_001" name="loginTest" time="3.331"/>
</testsuite> <!-- com.inetbanking.testcases.TC_LoginTest_001 -->
