<?xml version="1.0" encoding="UTF-8"?>
<!-- Generated by org.testng.reporters.JUnitReportReporter -->
<testsuite skipped="0" hostname="Harini" name="com.inetbanking.testcases.TC_LoginTest_001" tests="1" failures="0" timestamp="04 Sep 2022 23:47:23 GMT" time="3.911" errors="0">
  <testcase name="loginTest" time="3.911" classname="com.inetbanking.testcases.TC_LoginTest_001"/>
</testsuite> <!-- com.inetbanking.testcases.TC_LoginTest_001 -->
